# JRE version: Java(TM) SE Runtime Environment (9.0+11) (build 9.0.4+11)
# Java VM: Java HotSpot(TM) 64-Bit Server VM (9.0.4+11, mixed mode, tiered, compressed oops, g1 gc, windows-amd64)
Heap:
 garbage-first heap   total 250880K, used 122271K [0x00000004d5400000, 0x00000004d55007a8, 0x0000000595400000)
  region size 1024K, 37 young (37888K), 1 survivors (1024K)
 Metaspace       used 89674K, capacity 92473K, committed 99276K, reserved 1134592K
  class space    used 12343K, capacity 12900K, committed 14284K, reserved 1048576K
GC Heap History (10 events):
Event: 5137.119 GC heap before
{Heap before GC invocations=783 (full 307):
 garbage-first heap   total 250880K, used 146891K [0x00000004d5400000, 0x00000004d55007a8, 0x0000000595400000)
  region size 1024K, 60 young (61440K), 1 survivors (1024K)
 Metaspace       used 89673K, capacity 92473K, committed 99276K, reserved 1134592K
  class space    used 12342K, capacity 12900K, committed 14284K, reserved 1048576K
}
Event: 5137.122 GC heap after
{Heap after GC invocations=784 (full 307):
 garbage-first heap   total 250880K, used 86253K [0x00000004d5400000, 0x00000004d55007a8, 0x0000000595400000)
  region size 1024K, 1 young (1024K), 1 survivors (1024K)
 Metaspace       used 89673K, capacity 92473K, committed 99276K, reserved 1134592K
  class space    used 12342K, capacity 12900K, committed 14284K, reserved 1048576K
}
Event: 5137.637 GC heap before
{Heap before GC invocations=784 (full 307):
 garbage-first heap   total 250880K, used 146669K [0x00000004d5400000, 0x00000004d55007a8, 0x0000000595400000)
  region size 1024K, 60 young (61440K), 1 survivors (1024K)
 Metaspace       used 89673K, capacity 92473K, committed 99276K, reserved 1134592K
  class space    used 12342K, capacity 12900K, committed 14284K, reserved 1048576K
}
Event: 5137.639 GC heap after
{Heap after GC invocations=785 (full 307):
 garbage-first heap   total 250880K, used 86263K [0x00000004d5400000, 0x00000004d55007a8, 0x0000000595400000)
  region size 1024K, 1 young (1024K), 1 survivors (1024K)
 Metaspace       used 89673K, capacity 92473K, committed 99276K, reserved 1134592K
  class space    used 12342K, capacity 12900K, committed 14284K, reserved 1048576K
}
Event: 5137.999 GC heap before
{Heap before GC invocations=785 (full 307):
 garbage-first heap   total 250880K, used 146679K [0x00000004d5400000, 0x00000004d55007a8, 0x0000000595400000)
  region size 1024K, 60 young (61440K), 1 survivors (1024K)
 Metaspace       used 89673K, capacity 92473K, committed 99276K, reserved 1134592K
  class space    used 12342K, capacity 12900K, committed 14284K, reserved 1048576K
}
Event: 5138.002 GC heap after
{Heap after GC invocations=786 (full 307):
 garbage-first heap   total 250880K, used 86236K [0x00000004d5400000, 0x00000004d55007a8, 0x0000000595400000)
  region size 1024K, 1 young (1024K), 1 survivors (1024K)
 Metaspace       used 89673K, capacity 92473K, committed 99276K, reserved 1134592K
  class space    used 12342K, capacity 12900K, committed 14284K, reserved 1048576K
}
Event: 5141.182 GC heap before
{Heap before GC invocations=786 (full 307):
 garbage-first heap   total 250880K, used 146652K [0x00000004d5400000, 0x00000004d55007a8, 0x0000000595400000)
  region size 1024K, 60 young (61440K), 1 survivors (1024K)
 Metaspace       used 89673K, capacity 92473K, committed 99276K, reserved 1134592K
  class space    used 12342K, capacity 12900K, committed 14284K, reserved 1048576K
}
Event: 5141.185 GC heap after
{Heap after GC invocations=787 (full 307):
 garbage-first heap   total 250880K, used 86470K [0x00000004d5400000, 0x00000004d55007a8, 0x0000000595400000)
  region size 1024K, 1 young (1024K), 1 survivors (1024K)
 Metaspace       used 89673K, capacity 92473K, committed 99276K, reserved 1134592K
  class space    used 12342K, capacity 12900K, committed 14284K, reserved 1048576K
}
Event: 5145.278 GC heap before
{Heap before GC invocations=787 (full 307):
 garbage-first heap   total 250880K, used 146886K [0x00000004d5400000, 0x00000004d55007a8, 0x0000000595400000)
  region size 1024K, 60 young (61440K), 1 survivors (1024K)
 Metaspace       used 89673K, capacity 92473K, committed 99276K, reserved 1134592K
  class space    used 12342K, capacity 12900K, committed 14284K, reserved 1048576K
}
Event: 5145.281 GC heap after
{Heap after GC invocations=788 (full 307):
 garbage-first heap   total 250880K, used 86431K [0x00000004d5400000, 0x00000004d55007a8, 0x0000000595400000)
  region size 1024K, 1 young (1024K), 1 survivors (1024K)
 Metaspace       used 89673K, capacity 92473K, committed 99276K, reserved 1134592K
  class space    used 12342K, capacity 12900K, committed 14284K, reserved 1048576K
}

