# JRE version: Java(TM) SE Runtime Environment (9.0+11) (build 9.0.4+11)
# Java VM: Java HotSpot(TM) 64-Bit Server VM (9.0.4+11, mixed mode, tiered, compressed oops, g1 gc, windows-amd64)
Heap:
 garbage-first heap   total 520192K, used 172732K [0x0000000700000000, 0x0000000700100fe0, 0x00000007c0000000)
  region size 1024K, 4 young (4096K), 1 survivors (1024K)
 Metaspace       used 108436K, capacity 116415K, committed 116732K, reserved 1148928K
  class space    used 15935K, capacity 17305K, committed 17404K, reserved 1048576K
GC Heap History (10 events):
Event: 2600.154 GC heap before
{Heap before GC invocations=1194 (full 150):
 garbage-first heap   total 520192K, used 164977K [0x0000000700000000, 0x0000000700100fe0, 0x00000007c0000000)
  region size 1024K, 6 young (6144K), 0 survivors (0K)
 Metaspace       used 108435K, capacity 116415K, committed 116732K, reserved 1148928K
  class space    used 15934K, capacity 17305K, committed 17404K, reserved 1048576K
}
Event: 2600.587 GC heap after
{Heap after GC invocations=1195 (full 151):
 garbage-first heap   total 520192K, used 159822K [0x0000000700000000, 0x0000000700100fe0, 0x00000007c0000000)
  region size 1024K, 0 young (0K), 0 survivors (0K)
 Metaspace       used 108435K, capacity 116415K, committed 116732K, reserved 1148928K
  class space    used 15934K, capacity 17305K, committed 17404K, reserved 1048576K
}
Event: 2602.740 GC heap before
{Heap before GC invocations=1195 (full 151):
 garbage-first heap   total 520192K, used 177230K [0x0000000700000000, 0x0000000700100fe0, 0x00000007c0000000)
  region size 1024K, 8 young (8192K), 0 survivors (0K)
 Metaspace       used 108435K, capacity 116415K, committed 116732K, reserved 1148928K
  class space    used 15934K, capacity 17305K, committed 17404K, reserved 1048576K
}
Event: 2602.744 GC heap after
{Heap after GC invocations=1196 (full 151):
 garbage-first heap   total 520192K, used 170295K [0x0000000700000000, 0x0000000700100fe0, 0x00000007c0000000)
  region size 1024K, 1 young (1024K), 1 survivors (1024K)
 Metaspace       used 108435K, capacity 116415K, committed 116732K, reserved 1148928K
  class space    used 15934K, capacity 17305K, committed 17404K, reserved 1048576K
}
Event: 2602.841 GC heap before
{Heap before GC invocations=1196 (full 151):
 garbage-first heap   total 520192K, used 184631K [0x0000000700000000, 0x0000000700100fe0, 0x00000007c0000000)
  region size 1024K, 6 young (6144K), 1 survivors (1024K)
 Metaspace       used 108435K, capacity 116415K, committed 116732K, reserved 1148928K
  class space    used 15934K, capacity 17305K, committed 17404K, reserved 1048576K
}
Event: 2602.844 GC heap after
{Heap after GC invocations=1197 (full 151):
 garbage-first heap   total 520192K, used 180552K [0x0000000700000000, 0x0000000700100fe0, 0x00000007c0000000)
  region size 1024K, 1 young (1024K), 1 survivors (1024K)
 Metaspace       used 108435K, capacity 116415K, committed 116732K, reserved 1148928K
  class space    used 15934K, capacity 17305K, committed 17404K, reserved 1048576K
}
Event: 2602.973 GC heap before
{Heap before GC invocations=1197 (full 151):
 garbage-first heap   total 520192K, used 207176K [0x0000000700000000, 0x0000000700100fe0, 0x00000007c0000000)
  region size 1024K, 8 young (8192K), 1 survivors (1024K)
 Metaspace       used 108435K, capacity 116415K, committed 116732K, reserved 1148928K
  class space    used 15934K, capacity 17305K, committed 17404K, reserved 1048576K
}
Event: 2603.390 GC heap after
{Heap after GC invocations=1198 (full 152):
 garbage-first heap   total 520192K, used 159889K [0x0000000700000000, 0x0000000700100fe0, 0x00000007c0000000)
  region size 1024K, 0 young (0K), 0 survivors (0K)
 Metaspace       used 108435K, capacity 116415K, committed 116732K, reserved 1148928K
  class space    used 15934K, capacity 17305K, committed 17404K, reserved 1048576K
}
Event: 2625.575 GC heap before
{Heap before GC invocations=1198 (full 152):
 garbage-first heap   total 520192K, used 231569K [0x0000000700000000, 0x0000000700100fe0, 0x00000007c0000000)
  region size 1024K, 60 young (61440K), 0 survivors (0K)
 Metaspace       used 108436K, capacity 116415K, committed 116732K, reserved 1148928K
  class space    used 15935K, capacity 17305K, committed 17404K, reserved 1048576K
}
Event: 2625.579 GC heap after
{Heap after GC invocations=1199 (full 152):
 garbage-first heap   total 520192K, used 170684K [0x0000000700000000, 0x0000000700100fe0, 0x00000007c0000000)
  region size 1024K, 1 young (1024K), 1 survivors (1024K)
 Metaspace       used 108436K, capacity 116415K, committed 116732K, reserved 1148928K
  class space    used 15935K, capacity 17305K, committed 17404K, reserved 1048576K
}

