# JRE version: Java(TM) SE Runtime Environment (9.0+11) (build 9.0.4+11)
# Java VM: Java HotSpot(TM) 64-Bit Server VM (9.0.4+11, mixed mode, tiered, compressed oops, g1 gc, windows-amd64)
Heap:
 garbage-first heap   total 210944K, used 144474K [0x0000000700000000, 0x0000000700100670, 0x00000007c0000000)
  region size 1024K, 60 young (61440K), 1 survivors (1024K)
 Metaspace       used 87483K, capacity 93937K, committed 94032K, reserved 1130496K
  class space    used 12749K, capacity 13874K, committed 13948K, reserved 1048576K
GC Heap History (10 events):
Event: 358.815 GC heap before
{Heap before GC invocations=77 (full 19):
 garbage-first heap   total 210944K, used 144828K [0x0000000700000000, 0x0000000700100670, 0x00000007c0000000)
  region size 1024K, 60 young (61440K), 1 survivors (1024K)
 Metaspace       used 87177K, capacity 93637K, committed 93776K, reserved 1128448K
  class space    used 12736K, capacity 13840K, committed 13948K, reserved 1048576K
}
Event: 358.818 GC heap after
{Heap after GC invocations=78 (full 19):
 garbage-first heap   total 210944K, used 84501K [0x0000000700000000, 0x0000000700100670, 0x00000007c0000000)
  region size 1024K, 1 young (1024K), 1 survivors (1024K)
 Metaspace       used 87177K, capacity 93637K, committed 93776K, reserved 1128448K
  class space    used 12736K, capacity 13840K, committed 13948K, reserved 1048576K
}
Event: 362.677 GC heap before
{Heap before GC invocations=78 (full 19):
 garbage-first heap   total 210944K, used 144917K [0x0000000700000000, 0x0000000700100670, 0x00000007c0000000)
  region size 1024K, 60 young (61440K), 1 survivors (1024K)
 Metaspace       used 87386K, capacity 93873K, committed 94032K, reserved 1130496K
  class space    used 12749K, capacity 13874K, committed 13948K, reserved 1048576K
}
Event: 362.681 GC heap after
{Heap after GC invocations=79 (full 19):
 garbage-first heap   total 210944K, used 84943K [0x0000000700000000, 0x0000000700100670, 0x00000007c0000000)
  region size 1024K, 1 young (1024K), 1 survivors (1024K)
 Metaspace       used 87386K, capacity 93873K, committed 94032K, reserved 1130496K
  class space    used 12749K, capacity 13874K, committed 13948K, reserved 1048576K
}
Event: 365.525 GC heap before
{Heap before GC invocations=79 (full 19):
 garbage-first heap   total 210944K, used 145359K [0x0000000700000000, 0x0000000700100670, 0x00000007c0000000)
  region size 1024K, 60 young (61440K), 1 survivors (1024K)
 Metaspace       used 87423K, capacity 93873K, committed 94032K, reserved 1130496K
  class space    used 12749K, capacity 13874K, committed 13948K, reserved 1048576K
}
Event: 365.528 GC heap after
{Heap after GC invocations=80 (full 19):
 garbage-first heap   total 210944K, used 84982K [0x0000000700000000, 0x0000000700100670, 0x00000007c0000000)
  region size 1024K, 1 young (1024K), 1 survivors (1024K)
 Metaspace       used 87423K, capacity 93873K, committed 94032K, reserved 1130496K
  class space    used 12749K, capacity 13874K, committed 13948K, reserved 1048576K
}
Event: 367.911 GC heap before
{Heap before GC invocations=80 (full 19):
 garbage-first heap   total 210944K, used 145398K [0x0000000700000000, 0x0000000700100670, 0x00000007c0000000)
  region size 1024K, 60 young (61440K), 1 survivors (1024K)
 Metaspace       used 87435K, capacity 93873K, committed 94032K, reserved 1130496K
  class space    used 12749K, capacity 13874K, committed 13948K, reserved 1048576K
}
Event: 367.915 GC heap after
{Heap after GC invocations=81 (full 19):
 garbage-first heap   total 210944K, used 85022K [0x0000000700000000, 0x0000000700100670, 0x00000007c0000000)
  region size 1024K, 1 young (1024K), 1 survivors (1024K)
 Metaspace       used 87435K, capacity 93873K, committed 94032K, reserved 1130496K
  class space    used 12749K, capacity 13874K, committed 13948K, reserved 1048576K
}
Event: 368.814 GC heap before
{Heap before GC invocations=81 (full 19):
 garbage-first heap   total 210944K, used 145438K [0x0000000700000000, 0x0000000700100670, 0x00000007c0000000)
  region size 1024K, 60 young (61440K), 1 survivors (1024K)
 Metaspace       used 87453K, capacity 93873K, committed 94032K, reserved 1130496K
  class space    used 12749K, capacity 13874K, committed 13948K, reserved 1048576K
}
Event: 368.818 GC heap after
{Heap after GC invocations=82 (full 19):
 garbage-first heap   total 210944K, used 85082K [0x0000000700000000, 0x0000000700100670, 0x00000007c0000000)
  region size 1024K, 1 young (1024K), 1 survivors (1024K)
 Metaspace       used 87453K, capacity 93873K, committed 94032K, reserved 1130496K
  class space    used 12749K, capacity 13874K, committed 13948K, reserved 1048576K
}

