# JRE version: Java(TM) SE Runtime Environment (9.0+11) (build 9.0.4+11)
# Java VM: Java HotSpot(TM) 64-Bit Server VM (9.0.4+11, mixed mode, tiered, compressed oops, g1 gc, windows-amd64)
Heap:
 garbage-first heap   total 227328K, used 100778K [0x0000000700000000, 0x00000007001006f0, 0x00000007c0000000)
  region size 1024K, 9 young (9216K), 1 survivors (1024K)
 Metaspace       used 92006K, capacity 94503K, committed 102096K, reserved 1136640K
  class space    used 12776K, capacity 13293K, committed 14844K, reserved 1048576K
GC Heap History (10 events):
Event: 3563.260 GC heap before
{Heap before GC invocations=309 (full 25):
 garbage-first heap   total 227328K, used 153725K [0x0000000700000000, 0x00000007001006f0, 0x00000007c0000000)
  region size 1024K, 60 young (61440K), 1 survivors (1024K)
 Metaspace       used 91951K, capacity 94499K, committed 102096K, reserved 1136640K
  class space    used 12776K, capacity 13293K, committed 14844K, reserved 1048576K
}
Event: 3563.263 GC heap after
{Heap after GC invocations=310 (full 25):
 garbage-first heap   total 227328K, used 93211K [0x0000000700000000, 0x00000007001006f0, 0x00000007c0000000)
  region size 1024K, 1 young (1024K), 1 survivors (1024K)
 Metaspace       used 91951K, capacity 94499K, committed 102096K, reserved 1136640K
  class space    used 12776K, capacity 13293K, committed 14844K, reserved 1048576K
}
Event: 3566.485 GC heap before
{Heap before GC invocations=310 (full 25):
 garbage-first heap   total 227328K, used 153627K [0x0000000700000000, 0x00000007001006f0, 0x00000007c0000000)
  region size 1024K, 60 young (61440K), 1 survivors (1024K)
 Metaspace       used 91956K, capacity 94499K, committed 102096K, reserved 1136640K
  class space    used 12776K, capacity 13293K, committed 14844K, reserved 1048576K
}
Event: 3566.488 GC heap after
{Heap after GC invocations=311 (full 25):
 garbage-first heap   total 227328K, used 93271K [0x0000000700000000, 0x00000007001006f0, 0x00000007c0000000)
  region size 1024K, 1 young (1024K), 1 survivors (1024K)
 Metaspace       used 91956K, capacity 94499K, committed 102096K, reserved 1136640K
  class space    used 12776K, capacity 13293K, committed 14844K, reserved 1048576K
}
Event: 3571.957 GC heap before
{Heap before GC invocations=311 (full 25):
 garbage-first heap   total 227328K, used 153687K [0x0000000700000000, 0x00000007001006f0, 0x00000007c0000000)
  region size 1024K, 60 young (61440K), 1 survivors (1024K)
 Metaspace       used 91977K, capacity 94499K, committed 102096K, reserved 1136640K
  class space    used 12776K, capacity 13293K, committed 14844K, reserved 1048576K
}
Event: 3571.961 GC heap after
{Heap after GC invocations=312 (full 25):
 garbage-first heap   total 227328K, used 93398K [0x0000000700000000, 0x00000007001006f0, 0x00000007c0000000)
  region size 1024K, 1 young (1024K), 1 survivors (1024K)
 Metaspace       used 91977K, capacity 94499K, committed 102096K, reserved 1136640K
  class space    used 12776K, capacity 13293K, committed 14844K, reserved 1048576K
}
Event: 3575.382 GC heap before
{Heap before GC invocations=312 (full 25):
 garbage-first heap   total 227328K, used 153814K [0x0000000700000000, 0x00000007001006f0, 0x00000007c0000000)
  region size 1024K, 60 young (61440K), 1 survivors (1024K)
 Metaspace       used 92004K, capacity 94503K, committed 102096K, reserved 1136640K
  class space    used 12776K, capacity 13293K, committed 14844K, reserved 1048576K
}
Event: 3575.387 GC heap after
{Heap after GC invocations=313 (full 25):
 garbage-first heap   total 227328K, used 93478K [0x0000000700000000, 0x00000007001006f0, 0x00000007c0000000)
  region size 1024K, 1 young (1024K), 1 survivors (1024K)
 Metaspace       used 92004K, capacity 94503K, committed 102096K, reserved 1136640K
  class space    used 12776K, capacity 13293K, committed 14844K, reserved 1048576K
}
Event: 3577.861 GC heap before
{Heap before GC invocations=313 (full 25):
 garbage-first heap   total 227328K, used 153894K [0x0000000700000000, 0x00000007001006f0, 0x00000007c0000000)
  region size 1024K, 60 young (61440K), 1 survivors (1024K)
 Metaspace       used 92006K, capacity 94503K, committed 102096K, reserved 1136640K
  class space    used 12776K, capacity 13293K, committed 14844K, reserved 1048576K
}
Event: 3577.866 GC heap after
{Heap after GC invocations=314 (full 25):
 garbage-first heap   total 227328K, used 93610K [0x0000000700000000, 0x00000007001006f0, 0x00000007c0000000)
  region size 1024K, 1 young (1024K), 1 survivors (1024K)
 Metaspace       used 92006K, capacity 94503K, committed 102096K, reserved 1136640K
  class space    used 12776K, capacity 13293K, committed 14844K, reserved 1048576K
}

