# JRE version: Java(TM) SE Runtime Environment (9.0+11) (build 9.0.4+11)
# Java VM: Java HotSpot(TM) 64-Bit Server VM (9.0.4+11, mixed mode, tiered, compressed oops, g1 gc, windows-amd64)
Heap:
 garbage-first heap   total 330752K, used 146667K [0x0000000700000000, 0x0000000700100a18, 0x00000007c0000000)
  region size 1024K, 44 young (45056K), 2 survivors (2048K)
 Metaspace       used 91911K, capacity 98593K, committed 98816K, reserved 1134592K
  class space    used 13437K, capacity 14578K, committed 14592K, reserved 1048576K
GC Heap History (10 events):
Event: 768.723 GC heap before
{Heap before GC invocations=124 (full 7):
 garbage-first heap   total 330752K, used 160131K [0x0000000700000000, 0x0000000700100a18, 0x00000007c0000000)
  region size 1024K, 60 young (61440K), 1 survivors (1024K)
 Metaspace       used 91836K, capacity 98529K, committed 98560K, reserved 1132544K
  class space    used 13430K, capacity 14578K, committed 14592K, reserved 1048576K
}
Event: 768.727 GC heap after
{Heap after GC invocations=125 (full 7):
 garbage-first heap   total 330752K, used 99951K [0x0000000700000000, 0x0000000700100a18, 0x00000007c0000000)
  region size 1024K, 1 young (1024K), 1 survivors (1024K)
 Metaspace       used 91836K, capacity 98529K, committed 98560K, reserved 1132544K
  class space    used 13430K, capacity 14578K, committed 14592K, reserved 1048576K
}
Event: 769.121 GC heap before
{Heap before GC invocations=125 (full 7):
 garbage-first heap   total 330752K, used 160367K [0x0000000700000000, 0x0000000700100a18, 0x00000007c0000000)
  region size 1024K, 60 young (61440K), 1 survivors (1024K)
 Metaspace       used 91847K, capacity 98529K, committed 98560K, reserved 1132544K
  class space    used 13430K, capacity 14578K, committed 14592K, reserved 1048576K
}
Event: 769.125 GC heap after
{Heap after GC invocations=126 (full 7):
 garbage-first heap   total 330752K, used 99963K [0x0000000700000000, 0x0000000700100a18, 0x00000007c0000000)
  region size 1024K, 1 young (1024K), 1 survivors (1024K)
 Metaspace       used 91847K, capacity 98529K, committed 98560K, reserved 1132544K
  class space    used 13430K, capacity 14578K, committed 14592K, reserved 1048576K
}
Event: 771.002 GC heap before
{Heap before GC invocations=126 (full 7):
 garbage-first heap   total 330752K, used 164475K [0x0000000700000000, 0x0000000700100a18, 0x00000007c0000000)
  region size 1024K, 60 young (61440K), 1 survivors (1024K)
 Metaspace       used 91855K, capacity 98529K, committed 98560K, reserved 1132544K
  class space    used 13430K, capacity 14578K, committed 14592K, reserved 1048576K
}
Event: 771.005 GC heap after
{Heap after GC invocations=127 (full 7):
 garbage-first heap   total 330752K, used 104194K [0x0000000700000000, 0x0000000700100a18, 0x00000007c0000000)
  region size 1024K, 1 young (1024K), 1 survivors (1024K)
 Metaspace       used 91855K, capacity 98529K, committed 98560K, reserved 1132544K
  class space    used 13430K, capacity 14578K, committed 14592K, reserved 1048576K
}
Event: 774.756 GC heap before
{Heap before GC invocations=127 (full 7):
 garbage-first heap   total 330752K, used 168706K [0x0000000700000000, 0x0000000700100a18, 0x00000007c0000000)
  region size 1024K, 60 young (61440K), 1 survivors (1024K)
 Metaspace       used 91905K, capacity 98593K, committed 98816K, reserved 1134592K
  class space    used 13437K, capacity 14578K, committed 14592K, reserved 1048576K
}
Event: 774.760 GC heap after
{Heap after GC invocations=128 (full 7):
 garbage-first heap   total 330752K, used 108624K [0x0000000700000000, 0x0000000700100a18, 0x00000007c0000000)
  region size 1024K, 1 young (1024K), 1 survivors (1024K)
 Metaspace       used 91905K, capacity 98593K, committed 98816K, reserved 1134592K
  class space    used 13437K, capacity 14578K, committed 14592K, reserved 1048576K
}
Event: 780.063 GC heap before
{Heap before GC invocations=128 (full 7):
 garbage-first heap   total 330752K, used 169040K [0x0000000700000000, 0x0000000700100a18, 0x00000007c0000000)
  region size 1024K, 60 young (61440K), 1 survivors (1024K)
 Metaspace       used 91906K, capacity 98593K, committed 98816K, reserved 1134592K
  class space    used 13437K, capacity 14578K, committed 14592K, reserved 1048576K
}
Event: 780.068 GC heap after
{Heap after GC invocations=129 (full 7):
 garbage-first heap   total 330752K, used 104683K [0x0000000700000000, 0x0000000700100a18, 0x00000007c0000000)
  region size 1024K, 2 young (2048K), 2 survivors (2048K)
 Metaspace       used 91906K, capacity 98593K, committed 98816K, reserved 1134592K
  class space    used 13437K, capacity 14578K, committed 14592K, reserved 1048576K
}

