# JRE version: Java(TM) SE Runtime Environment (9.0+11) (build 9.0.4+11)
# Java VM: Java HotSpot(TM) 64-Bit Server VM (9.0.4+11, mixed mode, tiered, compressed oops, g1 gc, windows-amd64)
Heap:
 garbage-first heap   total 247808K, used 160444K [0x0000000700000000, 0x0000000700100790, 0x00000007c0000000)
  region size 1024K, 53 young (54272K), 1 survivors (1024K)
 Metaspace       used 92924K, capacity 100359K, committed 100556K, reserved 1134592K
  class space    used 13227K, capacity 14507K, committed 14540K, reserved 1048576K
GC Heap History (10 events):
Event: 2881.026 GC heap before
{Heap before GC invocations=603 (full 58):
 garbage-first heap   total 247808K, used 168866K [0x0000000700000000, 0x0000000700100790, 0x00000007c0000000)
  region size 1024K, 60 young (61440K), 1 survivors (1024K)
 Metaspace       used 92916K, capacity 100359K, committed 100556K, reserved 1134592K
  class space    used 13227K, capacity 14507K, committed 14540K, reserved 1048576K
}
Event: 2881.028 GC heap after
{Heap after GC invocations=604 (full 58):
 garbage-first heap   total 247808K, used 108188K [0x0000000700000000, 0x0000000700100790, 0x00000007c0000000)
  region size 1024K, 1 young (1024K), 1 survivors (1024K)
 Metaspace       used 92916K, capacity 100359K, committed 100556K, reserved 1134592K
  class space    used 13227K, capacity 14507K, committed 14540K, reserved 1048576K
}
Event: 2882.414 GC heap before
{Heap before GC invocations=604 (full 58):
 garbage-first heap   total 247808K, used 168604K [0x0000000700000000, 0x0000000700100790, 0x00000007c0000000)
  region size 1024K, 60 young (61440K), 1 survivors (1024K)
 Metaspace       used 92921K, capacity 100359K, committed 100556K, reserved 1134592K
  class space    used 13227K, capacity 14507K, committed 14540K, reserved 1048576K
}
Event: 2882.416 GC heap after
{Heap after GC invocations=605 (full 58):
 garbage-first heap   total 247808K, used 108571K [0x0000000700000000, 0x0000000700100790, 0x00000007c0000000)
  region size 1024K, 1 young (1024K), 1 survivors (1024K)
 Metaspace       used 92921K, capacity 100359K, committed 100556K, reserved 1134592K
  class space    used 13227K, capacity 14507K, committed 14540K, reserved 1048576K
}
Event: 2882.815 GC heap before
{Heap before GC invocations=605 (full 58):
 garbage-first heap   total 247808K, used 168987K [0x0000000700000000, 0x0000000700100790, 0x00000007c0000000)
  region size 1024K, 60 young (61440K), 1 survivors (1024K)
 Metaspace       used 92923K, capacity 100359K, committed 100556K, reserved 1134592K
  class space    used 13227K, capacity 14507K, committed 14540K, reserved 1048576K
}
Event: 2882.817 GC heap after
{Heap after GC invocations=606 (full 58):
 garbage-first heap   total 247808K, used 108133K [0x0000000700000000, 0x0000000700100790, 0x00000007c0000000)
  region size 1024K, 1 young (1024K), 1 survivors (1024K)
 Metaspace       used 92923K, capacity 100359K, committed 100556K, reserved 1134592K
  class space    used 13227K, capacity 14507K, committed 14540K, reserved 1048576K
}
Event: 2884.168 GC heap before
{Heap before GC invocations=606 (full 58):
 garbage-first heap   total 247808K, used 168549K [0x0000000700000000, 0x0000000700100790, 0x00000007c0000000)
  region size 1024K, 60 young (61440K), 1 survivors (1024K)
 Metaspace       used 92924K, capacity 100359K, committed 100556K, reserved 1134592K
  class space    used 13227K, capacity 14507K, committed 14540K, reserved 1048576K
}
Event: 2884.171 GC heap after
{Heap after GC invocations=607 (full 58):
 garbage-first heap   total 247808K, used 108264K [0x0000000700000000, 0x0000000700100790, 0x00000007c0000000)
  region size 1024K, 1 young (1024K), 1 survivors (1024K)
 Metaspace       used 92924K, capacity 100359K, committed 100556K, reserved 1134592K
  class space    used 13227K, capacity 14507K, committed 14540K, reserved 1048576K
}
Event: 2884.848 GC heap before
{Heap before GC invocations=607 (full 58):
 garbage-first heap   total 247808K, used 168680K [0x0000000700000000, 0x0000000700100790, 0x00000007c0000000)
  region size 1024K, 60 young (61440K), 1 survivors (1024K)
 Metaspace       used 92924K, capacity 100359K, committed 100556K, reserved 1134592K
  class space    used 13227K, capacity 14507K, committed 14540K, reserved 1048576K
}
Event: 2884.851 GC heap after
{Heap after GC invocations=608 (full 58):
 garbage-first heap   total 247808K, used 108220K [0x0000000700000000, 0x0000000700100790, 0x00000007c0000000)
  region size 1024K, 1 young (1024K), 1 survivors (1024K)
 Metaspace       used 92924K, capacity 100359K, committed 100556K, reserved 1134592K
  class space    used 13227K, capacity 14507K, committed 14540K, reserved 1048576K
}

