# JRE version: Java(TM) SE Runtime Environment (9.0+11) (build 9.0.4+11)
# Java VM: Java HotSpot(TM) 64-Bit Server VM (9.0.4+11, mixed mode, tiered, compressed oops, g1 gc, windows-amd64)
Heap:
 garbage-first heap   total 286720K, used 151428K [0x0000000700000000, 0x00000007001008c0, 0x00000007c0000000)
  region size 1024K, 53 young (54272K), 1 survivors (1024K)
 Metaspace       used 93316K, capacity 100435K, committed 100556K, reserved 1134592K
  class space    used 13604K, capacity 14833K, committed 14848K, reserved 1048576K
GC Heap History (10 events):
Event: 2823.510 GC heap before
{Heap before GC invocations=349 (full 180):
 garbage-first heap   total 286720K, used 101784K [0x0000000700000000, 0x00000007001008c0, 0x00000007c0000000)
  region size 1024K, 8 young (8192K), 1 survivors (1024K)
 Metaspace       used 93253K, capacity 100365K, committed 100556K, reserved 1134592K
  class space    used 13604K, capacity 14832K, committed 14848K, reserved 1048576K
}
Event: 2823.810 GC heap after
{Heap after GC invocations=350 (full 181):
 garbage-first heap   total 286720K, used 92905K [0x0000000700000000, 0x00000007001008c0, 0x00000007c0000000)
  region size 1024K, 0 young (0K), 0 survivors (0K)
 Metaspace       used 93253K, capacity 100365K, committed 100556K, reserved 1134592K
  class space    used 13604K, capacity 14832K, committed 14848K, reserved 1048576K
}
Event: 2826.935 GC heap before
{Heap before GC invocations=350 (full 181):
 garbage-first heap   total 286720K, used 156393K [0x0000000700000000, 0x00000007001008c0, 0x00000007c0000000)
  region size 1024K, 60 young (61440K), 0 survivors (0K)
 Metaspace       used 93303K, capacity 100365K, committed 100556K, reserved 1134592K
  class space    used 13604K, capacity 14832K, committed 14848K, reserved 1048576K
}
Event: 2826.939 GC heap after
{Heap after GC invocations=351 (full 181):
 garbage-first heap   total 286720K, used 95634K [0x0000000700000000, 0x00000007001008c0, 0x00000007c0000000)
  region size 1024K, 1 young (1024K), 1 survivors (1024K)
 Metaspace       used 93303K, capacity 100365K, committed 100556K, reserved 1134592K
  class space    used 13604K, capacity 14832K, committed 14848K, reserved 1048576K
}
Event: 2827.440 GC heap before
{Heap before GC invocations=351 (full 181):
 garbage-first heap   total 286720K, used 144786K [0x0000000700000000, 0x00000007001008c0, 0x00000007c0000000)
  region size 1024K, 50 young (51200K), 1 survivors (1024K)
 Metaspace       used 93307K, capacity 100365K, committed 100556K, reserved 1134592K
  class space    used 13604K, capacity 14832K, committed 14848K, reserved 1048576K
}
Event: 2827.756 GC heap after
{Heap after GC invocations=352 (full 182):
 garbage-first heap   total 286720K, used 92438K [0x0000000700000000, 0x00000007001008c0, 0x00000007c0000000)
  region size 1024K, 0 young (0K), 0 survivors (0K)
 Metaspace       used 93307K, capacity 100365K, committed 100556K, reserved 1134592K
  class space    used 13604K, capacity 14832K, committed 14848K, reserved 1048576K
}
Event: 2829.177 GC heap before
{Heap before GC invocations=352 (full 182):
 garbage-first heap   total 286720K, used 153878K [0x0000000700000000, 0x00000007001008c0, 0x00000007c0000000)
  region size 1024K, 60 young (61440K), 0 survivors (0K)
 Metaspace       used 93311K, capacity 100365K, committed 100556K, reserved 1134592K
  class space    used 13604K, capacity 14832K, committed 14848K, reserved 1048576K
}
Event: 2829.180 GC heap after
{Heap after GC invocations=353 (full 182):
 garbage-first heap   total 286720K, used 92810K [0x0000000700000000, 0x00000007001008c0, 0x00000007c0000000)
  region size 1024K, 1 young (1024K), 1 survivors (1024K)
 Metaspace       used 93311K, capacity 100365K, committed 100556K, reserved 1134592K
  class space    used 13604K, capacity 14832K, committed 14848K, reserved 1048576K
}
Event: 2830.365 GC heap before
{Heap before GC invocations=353 (full 182):
 garbage-first heap   total 286720K, used 159370K [0x0000000700000000, 0x00000007001008c0, 0x00000007c0000000)
  region size 1024K, 60 young (61440K), 1 survivors (1024K)
 Metaspace       used 93315K, capacity 100371K, committed 100556K, reserved 1134592K
  class space    used 13604K, capacity 14833K, committed 14848K, reserved 1048576K
}
Event: 2830.370 GC heap after
{Heap after GC invocations=354 (full 182):
 garbage-first heap   total 286720K, used 99204K [0x0000000700000000, 0x00000007001008c0, 0x00000007c0000000)
  region size 1024K, 1 young (1024K), 1 survivors (1024K)
 Metaspace       used 93315K, capacity 100371K, committed 100556K, reserved 1134592K
  class space    used 13604K, capacity 14833K, committed 14848K, reserved 1048576K
}

