# JRE version: Java(TM) SE Runtime Environment (9.0+11) (build 9.0.4+11)
# Java VM: Java HotSpot(TM) 64-Bit Server VM (9.0.4+11, mixed mode, tiered, compressed oops, g1 gc, windows-amd64)
Heap:
 garbage-first heap   total 349184K, used 151731K [0x0000000700000000, 0x0000000700100aa8, 0x00000007c0000000)
  region size 1024K, 47 young (48128K), 1 survivors (1024K)
 Metaspace       used 95539K, capacity 102739K, committed 102860K, reserved 1136640K
  class space    used 13771K, capacity 15015K, committed 15104K, reserved 1048576K
GC Heap History (10 events):
Event: 1221.696 GC heap before
{Heap before GC invocations=342 (full 62):
 garbage-first heap   total 349184K, used 166383K [0x0000000700000000, 0x0000000700100aa8, 0x00000007c0000000)
  region size 1024K, 60 young (61440K), 1 survivors (1024K)
 Metaspace       used 95500K, capacity 102697K, committed 102860K, reserved 1136640K
  class space    used 13769K, capacity 14982K, committed 15104K, reserved 1048576K
}
Event: 1221.699 GC heap after
{Heap after GC invocations=343 (full 62):
 garbage-first heap   total 349184K, used 105929K [0x0000000700000000, 0x0000000700100aa8, 0x00000007c0000000)
  region size 1024K, 1 young (1024K), 1 survivors (1024K)
 Metaspace       used 95500K, capacity 102697K, committed 102860K, reserved 1136640K
  class space    used 13769K, capacity 14982K, committed 15104K, reserved 1048576K
}
Event: 1222.747 GC heap before
{Heap before GC invocations=343 (full 62):
 garbage-first heap   total 349184K, used 167369K [0x0000000700000000, 0x0000000700100aa8, 0x00000007c0000000)
  region size 1024K, 56 young (57344K), 1 survivors (1024K)
 Metaspace       used 95501K, capacity 102697K, committed 102860K, reserved 1136640K
  class space    used 13769K, capacity 14982K, committed 15104K, reserved 1048576K
}
Event: 1223.064 GC heap after
{Heap after GC invocations=344 (full 63):
 garbage-first heap   total 349184K, used 105195K [0x0000000700000000, 0x0000000700100aa8, 0x00000007c0000000)
  region size 1024K, 0 young (0K), 0 survivors (0K)
 Metaspace       used 95501K, capacity 102697K, committed 102860K, reserved 1136640K
  class space    used 13769K, capacity 14982K, committed 15104K, reserved 1048576K
}
Event: 1224.063 GC heap before
{Heap before GC invocations=344 (full 63):
 garbage-first heap   total 349184K, used 166635K [0x0000000700000000, 0x0000000700100aa8, 0x00000007c0000000)
  region size 1024K, 60 young (61440K), 0 survivors (0K)
 Metaspace       used 95501K, capacity 102697K, committed 102860K, reserved 1136640K
  class space    used 13769K, capacity 14982K, committed 15104K, reserved 1048576K
}
Event: 1224.066 GC heap after
{Heap after GC invocations=345 (full 63):
 garbage-first heap   total 349184K, used 105469K [0x0000000700000000, 0x0000000700100aa8, 0x00000007c0000000)
  region size 1024K, 1 young (1024K), 1 survivors (1024K)
 Metaspace       used 95501K, capacity 102697K, committed 102860K, reserved 1136640K
  class space    used 13769K, capacity 14982K, committed 15104K, reserved 1048576K
}
Event: 1226.906 GC heap before
{Heap before GC invocations=345 (full 63):
 garbage-first heap   total 349184K, used 165885K [0x0000000700000000, 0x0000000700100aa8, 0x00000007c0000000)
  region size 1024K, 60 young (61440K), 1 survivors (1024K)
 Metaspace       used 95524K, capacity 102735K, committed 102860K, reserved 1136640K
  class space    used 13771K, capacity 15015K, committed 15104K, reserved 1048576K
}
Event: 1226.909 GC heap after
{Heap after GC invocations=346 (full 63):
 garbage-first heap   total 349184K, used 105629K [0x0000000700000000, 0x0000000700100aa8, 0x00000007c0000000)
  region size 1024K, 1 young (1024K), 1 survivors (1024K)
 Metaspace       used 95524K, capacity 102735K, committed 102860K, reserved 1136640K
  class space    used 13771K, capacity 15015K, committed 15104K, reserved 1048576K
}
Event: 1227.555 GC heap before
{Heap before GC invocations=346 (full 63):
 garbage-first heap   total 349184K, used 166045K [0x0000000700000000, 0x0000000700100aa8, 0x00000007c0000000)
  region size 1024K, 60 young (61440K), 1 survivors (1024K)
 Metaspace       used 95525K, capacity 102735K, committed 102860K, reserved 1136640K
  class space    used 13771K, capacity 15015K, committed 15104K, reserved 1048576K
}
Event: 1227.559 GC heap after
{Heap after GC invocations=347 (full 63):
 garbage-first heap   total 349184K, used 105651K [0x0000000700000000, 0x0000000700100aa8, 0x00000007c0000000)
  region size 1024K, 1 young (1024K), 1 survivors (1024K)
 Metaspace       used 95525K, capacity 102735K, committed 102860K, reserved 1136640K
  class space    used 13771K, capacity 15015K, committed 15104K, reserved 1048576K
}

