# JRE version: Java(TM) SE Runtime Environment (9.0+11) (build 9.0.4+11)
# Java VM: Java HotSpot(TM) 64-Bit Server VM (9.0.4+11, mixed mode, tiered, compressed oops, g1 gc, windows-amd64)
Heap:
 garbage-first heap   total 227328K, used 116995K [0x0000000700000000, 0x00000007001006f0, 0x00000007c0000000)
  region size 1024K, 25 young (25600K), 1 survivors (1024K)
 Metaspace       used 86517K, capacity 92947K, committed 93008K, reserved 1128448K
  class space    used 12544K, capacity 13659K, committed 13692K, reserved 1048576K
GC Heap History (10 events):
Event: 229.696 GC heap before
{Heap before GC invocations=105 (full 6):
 garbage-first heap   total 227328K, used 161659K [0x0000000700000000, 0x00000007001006f0, 0x00000007c0000000)
  region size 1024K, 60 young (61440K), 1 survivors (1024K)
 Metaspace       used 86400K, capacity 92755K, committed 93008K, reserved 1128448K
  class space    used 12544K, capacity 13659K, committed 13692K, reserved 1048576K
}
Event: 229.699 GC heap after
{Heap after GC invocations=106 (full 6):
 garbage-first heap   total 227328K, used 101201K [0x0000000700000000, 0x00000007001006f0, 0x00000007c0000000)
  region size 1024K, 1 young (1024K), 1 survivors (1024K)
 Metaspace       used 86400K, capacity 92755K, committed 93008K, reserved 1128448K
  class space    used 12544K, capacity 13659K, committed 13692K, reserved 1048576K
}
Event: 241.294 GC heap before
{Heap before GC invocations=106 (full 6):
 garbage-first heap   total 227328K, used 161617K [0x0000000700000000, 0x00000007001006f0, 0x00000007c0000000)
  region size 1024K, 60 young (61440K), 1 survivors (1024K)
 Metaspace       used 86422K, capacity 92819K, committed 93008K, reserved 1128448K
  class space    used 12544K, capacity 13659K, committed 13692K, reserved 1048576K
}
Event: 241.298 GC heap after
{Heap after GC invocations=107 (full 6):
 garbage-first heap   total 227328K, used 101293K [0x0000000700000000, 0x00000007001006f0, 0x00000007c0000000)
  region size 1024K, 1 young (1024K), 1 survivors (1024K)
 Metaspace       used 86422K, capacity 92819K, committed 93008K, reserved 1128448K
  class space    used 12544K, capacity 13659K, committed 13692K, reserved 1048576K
}
Event: 242.307 GC heap before
{Heap before GC invocations=108 (full 6):
 garbage-first heap   total 227328K, used 134061K [0x0000000700000000, 0x00000007001006f0, 0x00000007c0000000)
  region size 1024K, 34 young (34816K), 1 survivors (1024K)
 Metaspace       used 86485K, capacity 92819K, committed 93008K, reserved 1128448K
  class space    used 12544K, capacity 13659K, committed 13692K, reserved 1048576K
}
Event: 242.311 GC heap after
{Heap after GC invocations=109 (full 6):
 garbage-first heap   total 227328K, used 95129K [0x0000000700000000, 0x00000007001006f0, 0x00000007c0000000)
  region size 1024K, 1 young (1024K), 1 survivors (1024K)
 Metaspace       used 86485K, capacity 92819K, committed 93008K, reserved 1128448K
  class space    used 12544K, capacity 13659K, committed 13692K, reserved 1048576K
}
Event: 242.322 GC heap before
{Heap before GC invocations=109 (full 6):
 garbage-first heap   total 227328K, used 97177K [0x0000000700000000, 0x00000007001006f0, 0x00000007c0000000)
  region size 1024K, 2 young (2048K), 1 survivors (1024K)
 Metaspace       used 86486K, capacity 92819K, committed 93008K, reserved 1128448K
  class space    used 12544K, capacity 13659K, committed 13692K, reserved 1048576K
}
Event: 242.597 GC heap after
{Heap after GC invocations=110 (full 7):
 garbage-first heap   total 227328K, used 93007K [0x0000000700000000, 0x00000007001006f0, 0x00000007c0000000)
  region size 1024K, 0 young (0K), 0 survivors (0K)
 Metaspace       used 86486K, capacity 92819K, committed 93008K, reserved 1128448K
  class space    used 12544K, capacity 13659K, committed 13692K, reserved 1048576K
}
Event: 247.539 GC heap before
{Heap before GC invocations=110 (full 7):
 garbage-first heap   total 227328K, used 154447K [0x0000000700000000, 0x00000007001006f0, 0x00000007c0000000)
  region size 1024K, 60 young (61440K), 0 survivors (0K)
 Metaspace       used 86514K, capacity 92947K, committed 93008K, reserved 1128448K
  class space    used 12544K, capacity 13659K, committed 13692K, reserved 1048576K
}
Event: 247.543 GC heap after
{Heap after GC invocations=111 (full 7):
 garbage-first heap   total 227328K, used 93443K [0x0000000700000000, 0x00000007001006f0, 0x00000007c0000000)
  region size 1024K, 1 young (1024K), 1 survivors (1024K)
 Metaspace       used 86514K, capacity 92947K, committed 93008K, reserved 1128448K
  class space    used 12544K, capacity 13659K, committed 13692K, reserved 1048576K
}

